<?xml version="1.0" encoding="UTF-8"?>
<!-- Generated by org.testng.reporters.JUnitReportReporter -->
<testsuite name="cod.extract.test.scripts.DBTests" tests="1" time="0.674" ignored="0" failures="0" timestamp="08 Jan 2018 11:31:45 GMT" skipped="0" hostname="stephens-MacBook-Air.local" errors="0">
  <testcase name="feature" time="0.674" classname="cod.extract.test.scripts.DBTests"/>
</testsuite> <!-- cod.extract.test.scripts.DBTests -->
